<?xml version="1.0" encoding="UTF-8"?>
<!-- Generated by org.testng.reporters.JUnitReportReporter -->
<testsuite hostname="DESKTOP-EDANQ1M" failures="0" tests="1" name="utils.ConfigReader" time="0.008" errors="0" timestamp="2021-11-30T20:47:05 IST" skipped="0">
  <testcase classname="utils.ConfigReader" name="readData" time="0.008"/>
  <system-out/>
</testsuite> <!-- utils.ConfigReader -->
